2018-09-30  INFO [main] (SmtpModule.java:78) - Mail sent
2018-09-30  INFO [main] (TestDAOModule.java:82) - Email with id was created
2018-09-30  INFO [main] (TestDAOModule.java:82) - Email with id was created
2018-09-30  INFO [main] (TestDAOModule.java:83) - Email with id was created
2018-09-30  INFO [main] (TestDAOModule.java:85) - Email with id was created
2018-09-30  INFO [main] (FolderDAO.java:78) - Folder was created with id: 3
2018-09-30  INFO [main] (FolderDAO.java:112) - Test Folder was updated to: Did it work
2018-09-30  INFO [main] (FolderDAO.java:78) - Folder was created with id: 3
2018-09-30  INFO [main] (FolderDAO.java:96) - Folder with id: 3 was deleted
2018-09-30  INFO [main] (EmailDAO.java:170) - Record with id: 5 deleted.
2018-09-30  INFO [main] (RecipientDAO.java:42) - Created recipient of type TO
2018-09-30  INFO [main] (EmailDAO.java:107) - Email with id26 was created
2018-09-30  INFO [main] (RecipientDAO.java:46) - Created recipient of type CC
2018-09-30  INFO [main] (FolderDAO.java:78) - Folder was created with id: 3
2018-09-30  INFO [main] (RecipientDAO.java:42) - Created recipient of type TO
2018-09-30  INFO [main] (EmailDAO.java:107) - Email with id26 was created
2018-09-30  INFO [main] (FolderDAO.java:78) - Folder was created with id: 3
2018-09-30  INFO [main] (RecipientDAO.java:42) - Created recipient of type TO
2018-09-30  INFO [main] (EmailDAO.java:107) - Email with id26 was created
2018-09-30  INFO [main] (RecipientDAO.java:42) - Created recipient of type TO
2018-09-30  INFO [main] (EmailDAO.java:107) - Email with id27 was created
2018-09-30  INFO [main] (FolderDAO.java:96) - Folder with id: 3 was deleted
2018-09-30  INFO [main] (FolderDAO.java:78) - Folder was created with id: 3
2018-09-30  INFO [main] (FolderDAO.java:78) - Folder was created with id: 3
2018-09-30  INFO [main] (FolderDAO.java:112) - Test Folder was updated to: Did it work
2018-09-30  INFO [main] (FolderDAO.java:78) - Folder was created with id: 3
2018-09-30  INFO [main] (FolderDAO.java:96) - Folder with id: 3 was deleted
2018-09-30  INFO [main] (EmailDAO.java:163) - Record with id: 5 deleted.
2018-09-30  INFO [main] (RecipientDAO.java:42) - Created recipient of type TO
2018-09-30  INFO [main] (EmailDAO.java:100) - Email with id 26 was created
2018-09-30  INFO [main] (RecipientDAO.java:46) - Created recipient of type CC
2018-09-30  INFO [main] (FolderDAO.java:78) - Folder was created with id: 3
2018-09-30  INFO [main] (RecipientDAO.java:42) - Created recipient of type TO
2018-09-30  INFO [main] (EmailDAO.java:100) - Email with id 26 was created
2018-09-30  INFO [main] (FolderDAO.java:78) - Folder was created with id: 3
2018-09-30  INFO [main] (RecipientDAO.java:42) - Created recipient of type TO
2018-09-30  INFO [main] (EmailDAO.java:100) - Email with id 26 was created
2018-09-30  INFO [main] (RecipientDAO.java:42) - Created recipient of type TO
2018-09-30  INFO [main] (EmailDAO.java:100) - Email with id 27 was created
2018-09-30  INFO [main] (FolderDAO.java:96) - Folder with id: 3 was deleted
2018-09-30  INFO [main] (FolderDAO.java:78) - Folder was created with id: 3
2018-09-30  INFO [main] (FolderDAO.java:98) - Folder was created with id: 3
2018-09-30  INFO [main] (FolderDAO.java:147) - Test Folder was updated to: Did it work
2018-09-30  INFO [main] (FolderDAO.java:98) - Folder was created with id: 3
2018-09-30  INFO [main] (FolderDAO.java:123) - Folder with id: 3 was deleted
2018-09-30  INFO [main] (EmailDAO.java:197) - Record with id: 5 deleted.
2018-09-30  INFO [main] (RecipientDAO.java:53) - Created recipient of type TO
2018-09-30  INFO [main] (EmailDAO.java:114) - Email with id 26 was created
2018-09-30  INFO [main] (RecipientDAO.java:57) - Created recipient of type CC
2018-09-30  INFO [main] (FolderDAO.java:98) - Folder was created with id: 3
2018-09-30  INFO [main] (RecipientDAO.java:53) - Created recipient of type TO
2018-09-30  INFO [main] (EmailDAO.java:114) - Email with id 26 was created
2018-09-30  INFO [main] (FolderDAO.java:98) - Folder was created with id: 3
2018-09-30  INFO [main] (RecipientDAO.java:53) - Created recipient of type TO
2018-09-30  INFO [main] (EmailDAO.java:114) - Email with id 26 was created
2018-09-30  INFO [main] (RecipientDAO.java:53) - Created recipient of type TO
2018-09-30  INFO [main] (EmailDAO.java:114) - Email with id 27 was created
2018-09-30  INFO [main] (FolderDAO.java:123) - Folder with id: 3 was deleted
2018-09-30  INFO [main] (FolderDAO.java:98) - Folder was created with id: 3
2018-09-30  INFO [main] (SmtpModule.java:78) - Mail sent
2018-09-30  INFO [main] (SmtpModule.java:78) - Mail sent
2018-09-30  INFO [main] (SmtpModule.java:78) - Mail sent
2018-09-30 ERROR [main] (MailModule.java:77) - Email: kshflkjshfgj12369is invalid!
2018-09-30  INFO [main] (SmtpModule.java:78) - Mail sent
2018-09-30 ERROR [main] (MailModule.java:77) - Email: kshflkjshfgj12369is invalid!
2018-09-30 ERROR [main] (MailModule.java:77) - Email: kshflkjshfgj12369is invalid!
2018-09-30  INFO [main] (SmtpModule.java:78) - Mail sent
2018-09-30  INFO [main] (SmtpModule.java:78) - Mail sent
2018-09-30  INFO [main] (SmtpModule.java:78) - Mail sent
2018-09-30  INFO [main] (SmtpModule.java:78) - Mail sent
2018-09-30  INFO [main] (SmtpModule.java:78) - Mail sent
2018-09-30 ERROR [main] (MailModule.java:77) - Email: kshflkjshfgj12369is invalid!
2018-09-30  INFO [main] (SmtpModule.java:78) - Mail sent
